<?xml version="1.0" encoding="UTF-8"?>
<coverage generated="1496346709">
  <project timestamp="1496346709">
    <package name="WhiteCube\Lingua">
      <file name="/Users/whitecube/Sites/lingua/src/Lingua/ComponentConverter.php">
        <class name="ComponentConverter" namespace="WhiteCube\Lingua">
          <metrics complexity="25" methods="8" coveredmethods="6" conditionals="0" coveredconditionals="0" statements="36" coveredstatements="34" elements="44" coveredelements="40"/>
        </class>
        <line num="7" type="method" name="__toString" visibility="public" complexity="1" crap="1" count="3"/>
        <line num="9" type="stmt" count="3"/>
        <line num="12" type="method" name="check" visibility="public" complexity="3" crap="3" count="49"/>
        <line num="14" type="stmt" count="49"/>
        <line num="15" type="stmt" count="49"/>
        <line num="16" type="stmt" count="9"/>
        <line num="19" type="method" name="parse" visibility="public" complexity="1" crap="1" count="44"/>
        <line num="21" type="stmt" count="44"/>
        <line num="22" type="stmt" count="44"/>
        <line num="23" type="stmt" count="44"/>
        <line num="24" type="stmt" count="44"/>
        <line num="25" type="stmt" count="44"/>
        <line num="26" type="stmt" count="44"/>
        <line num="27" type="stmt" count="44"/>
        <line num="28" type="stmt" count="44"/>
        <line num="30" type="method" name="getScriptFromPregMatch" visibility="protected" complexity="3" crap="3" count="49"/>
        <line num="32" type="stmt" count="49"/>
        <line num="33" type="stmt" count="36"/>
        <line num="34" type="stmt" count="26"/>
        <line num="37" type="method" name="getCountryFromPregMatch" visibility="protected" complexity="4" crap="4.25" count="49"/>
        <line num="39" type="stmt" count="49"/>
        <line num="40" type="stmt" count="22"/>
        <line num="41" type="stmt" count="6"/>
        <line num="42" type="stmt" count="0"/>
        <line num="45" type="method" name="findInRepository" visibility="protected" complexity="3" crap="3.04" count="44"/>
        <line num="47" type="stmt" count="44"/>
        <line num="48" type="stmt" count="44"/>
        <line num="49" type="stmt" count="2"/>
        <line num="50" type="stmt" count="0"/>
        <line num="51" type="stmt" count="2"/>
        <line num="53" type="stmt" count="42"/>
        <line num="56" type="method" name="fillNameBag" visibility="protected" complexity="3" crap="3" count="44"/>
        <line num="58" type="stmt" count="44"/>
        <line num="59" type="stmt" count="36"/>
        <line num="60" type="stmt" count="36"/>
        <line num="61" type="stmt" count="36"/>
        <line num="62" type="stmt" count="36"/>
        <line num="64" type="method" name="getIsoValue" visibility="protected" complexity="7" crap="7" count="44"/>
        <line num="66" type="stmt" count="44"/>
        <line num="67" type="stmt" count="43"/>
        <line num="69" type="stmt" count="3"/>
        <line num="70" type="stmt" count="3"/>
        <line num="71" type="stmt" count="3"/>
        <line num="72" type="stmt" count="3"/>
        <metrics loc="74" ncloc="74" classes="1" methods="8" coveredmethods="6" conditionals="0" coveredconditionals="0" statements="36" coveredstatements="34" elements="44" coveredelements="40"/>
      </file>
      <file name="/Users/whitecube/Sites/lingua/src/Lingua/Converter.php">
        <class name="Converter" namespace="WhiteCube\Lingua">
          <metrics complexity="7" methods="5" coveredmethods="5" conditionals="0" coveredconditionals="0" statements="14" coveredstatements="14" elements="19" coveredelements="19"/>
        </class>
        <line num="23" type="method" name="__construct" visibility="public" complexity="2" crap="2" count="116"/>
        <line num="25" type="stmt" count="116"/>
        <line num="26" type="stmt" count="116"/>
        <line num="27" type="stmt" count="116"/>
        <line num="28" type="stmt" count="116"/>
        <line num="29" type="stmt" count="108"/>
        <line num="31" type="method" name="__toString" visibility="public" complexity="1" crap="1" count="3"/>
        <line num="33" type="stmt" count="3"/>
        <line num="36" type="method" name="validate" visibility="public" complexity="2" crap="2" count="91"/>
        <line num="38" type="stmt" count="91"/>
        <line num="39" type="stmt" count="6"/>
        <line num="41" type="stmt" count="85"/>
        <line num="44" type="method" name="prepare" visibility="public" complexity="1" crap="1" count="66"/>
        <line num="46" type="stmt" count="66"/>
        <line num="49" type="method" name="getEmptyNameBag" visibility="protected" complexity="1" crap="1" count="116"/>
        <line num="51" type="stmt" count="116"/>
        <line num="52" type="stmt" count="116"/>
        <line num="53" type="stmt" count="116"/>
        <line num="54" type="stmt" count="116"/>
        <metrics loc="56" ncloc="56" classes="1" methods="5" coveredmethods="5" conditionals="0" coveredconditionals="0" statements="14" coveredstatements="14" elements="19" coveredelements="19"/>
      </file>
      <file name="/Users/whitecube/Sites/lingua/src/Lingua/Iso_639_1Converter.php">
        <class name="Iso_639_1Converter" namespace="WhiteCube\Lingua" fullPackage="Iso.639">
          <metrics complexity="7" methods="3" coveredmethods="3" conditionals="0" coveredconditionals="0" statements="9" coveredstatements="9" elements="12" coveredelements="12"/>
        </class>
        <line num="7" type="method" name="check" visibility="public" complexity="2" crap="2" count="25"/>
        <line num="9" type="stmt" count="25"/>
        <line num="10" type="stmt" count="16"/>
        <line num="13" type="method" name="parse" visibility="public" complexity="4" crap="4" count="9"/>
        <line num="15" type="stmt" count="9"/>
        <line num="16" type="stmt" count="9"/>
        <line num="17" type="stmt" count="9"/>
        <line num="18" type="stmt" count="9"/>
        <line num="19" type="stmt" count="9"/>
        <line num="20" type="stmt" count="9"/>
        <line num="22" type="method" name="format" visibility="public" complexity="1" crap="1" count="11"/>
        <line num="24" type="stmt" count="11"/>
        <metrics loc="26" ncloc="26" classes="1" methods="3" coveredmethods="3" conditionals="0" coveredconditionals="0" statements="9" coveredstatements="9" elements="12" coveredelements="12"/>
      </file>
      <file name="/Users/whitecube/Sites/lingua/src/Lingua/Iso_639_2bConverter.php">
        <class name="Iso_639_2bConverter" namespace="WhiteCube\Lingua" fullPackage="Iso.639">
          <metrics complexity="7" methods="3" coveredmethods="3" conditionals="0" coveredconditionals="0" statements="9" coveredstatements="9" elements="12" coveredelements="12"/>
        </class>
        <line num="7" type="method" name="check" visibility="public" complexity="2" crap="2" count="24"/>
        <line num="9" type="stmt" count="24"/>
        <line num="10" type="stmt" count="14"/>
        <line num="13" type="method" name="parse" visibility="public" complexity="4" crap="4" count="10"/>
        <line num="15" type="stmt" count="10"/>
        <line num="16" type="stmt" count="10"/>
        <line num="17" type="stmt" count="10"/>
        <line num="18" type="stmt" count="10"/>
        <line num="19" type="stmt" count="10"/>
        <line num="20" type="stmt" count="10"/>
        <line num="22" type="method" name="format" visibility="public" complexity="1" crap="1" count="7"/>
        <line num="24" type="stmt" count="7"/>
        <metrics loc="26" ncloc="26" classes="1" methods="3" coveredmethods="3" conditionals="0" coveredconditionals="0" statements="9" coveredstatements="9" elements="12" coveredelements="12"/>
      </file>
      <file name="/Users/whitecube/Sites/lingua/src/Lingua/Iso_639_2tConverter.php">
        <class name="Iso_639_2tConverter" namespace="WhiteCube\Lingua" fullPackage="Iso.639">
          <metrics complexity="7" methods="3" coveredmethods="3" conditionals="0" coveredconditionals="0" statements="9" coveredstatements="9" elements="12" coveredelements="12"/>
        </class>
        <line num="7" type="method" name="check" visibility="public" complexity="2" crap="2" count="23"/>
        <line num="9" type="stmt" count="23"/>
        <line num="10" type="stmt" count="14"/>
        <line num="13" type="method" name="parse" visibility="public" complexity="4" crap="4" count="9"/>
        <line num="15" type="stmt" count="9"/>
        <line num="16" type="stmt" count="9"/>
        <line num="17" type="stmt" count="9"/>
        <line num="18" type="stmt" count="9"/>
        <line num="19" type="stmt" count="9"/>
        <line num="20" type="stmt" count="9"/>
        <line num="22" type="method" name="format" visibility="public" complexity="1" crap="1" count="7"/>
        <line num="24" type="stmt" count="7"/>
        <metrics loc="26" ncloc="26" classes="1" methods="3" coveredmethods="3" conditionals="0" coveredconditionals="0" statements="9" coveredstatements="9" elements="12" coveredelements="12"/>
      </file>
      <file name="/Users/whitecube/Sites/lingua/src/Lingua/Iso_639_3Converter.php">
        <class name="Iso_639_3Converter" namespace="WhiteCube\Lingua" fullPackage="Iso.639">
          <metrics complexity="11" methods="5" coveredmethods="5" conditionals="0" coveredconditionals="0" statements="20" coveredstatements="20" elements="25" coveredelements="25"/>
        </class>
        <line num="7" type="method" name="__toString" visibility="public" complexity="2" crap="2" count="15"/>
        <line num="9" type="stmt" count="15"/>
        <line num="10" type="stmt" count="15"/>
        <line num="11" type="stmt" count="2"/>
        <line num="13" type="stmt" count="15"/>
        <line num="16" type="method" name="prepare" visibility="public" complexity="1" crap="1" count="26"/>
        <line num="18" type="stmt" count="26"/>
        <line num="19" type="stmt" count="26"/>
        <line num="21" type="stmt" count="26"/>
        <line num="22" type="stmt" count="26"/>
        <line num="23" type="stmt" count="26"/>
        <line num="27" type="method" name="check" visibility="public" complexity="3" crap="3" count="26"/>
        <line num="29" type="stmt" count="26"/>
        <line num="30" type="stmt" count="26"/>
        <line num="31" type="stmt" count="12"/>
        <line num="34" type="method" name="parse" visibility="public" complexity="4" crap="4" count="14"/>
        <line num="36" type="stmt" count="14"/>
        <line num="37" type="stmt" count="14"/>
        <line num="38" type="stmt" count="14"/>
        <line num="39" type="stmt" count="14"/>
        <line num="40" type="stmt" count="14"/>
        <line num="41" type="stmt" count="14"/>
        <line num="42" type="stmt" count="14"/>
        <line num="44" type="method" name="format" visibility="public" complexity="1" crap="1" count="9"/>
        <line num="46" type="stmt" count="9"/>
        <metrics loc="48" ncloc="48" classes="1" methods="5" coveredmethods="5" conditionals="0" coveredconditionals="0" statements="20" coveredstatements="20" elements="25" coveredelements="25"/>
      </file>
      <file name="/Users/whitecube/Sites/lingua/src/Lingua/LanguagesRepository.php">
        <class name="LanguagesRepository" namespace="WhiteCube\Lingua">
          <metrics complexity="11" methods="4" coveredmethods="4" conditionals="0" coveredconditionals="0" statements="14" coveredstatements="14" elements="18" coveredelements="18"/>
        </class>
        <line num="14" type="method" name="__construct" visibility="public" complexity="1" crap="1" count="2"/>
        <line num="16" type="stmt" count="2"/>
        <line num="17" type="stmt" count="2"/>
        <line num="18" type="stmt" count="1"/>
        <line num="20" type="method" name="getInstance" visibility="protected" complexity="2" crap="2" count="111"/>
        <line num="22" type="stmt" count="111"/>
        <line num="23" type="stmt" count="111"/>
        <line num="26" type="method" name="find" visibility="public" complexity="6" crap="6" count="111"/>
        <line num="28" type="stmt" count="111"/>
        <line num="29" type="stmt" count="111"/>
        <line num="30" type="stmt" count="111"/>
        <line num="31" type="stmt" count="111"/>
        <line num="32" type="stmt" count="111"/>
        <line num="34" type="stmt" count="6"/>
        <line num="37" type="method" name="loadRepository" visibility="protected" complexity="2" crap="2" count="2"/>
        <line num="39" type="stmt" count="2"/>
        <line num="40" type="stmt" count="1"/>
        <line num="42" type="stmt" count="1"/>
        <metrics loc="44" ncloc="44" classes="1" methods="4" coveredmethods="4" conditionals="0" coveredconditionals="0" statements="14" coveredstatements="14" elements="18" coveredelements="18"/>
      </file>
      <file name="/Users/whitecube/Sites/lingua/src/Lingua/NameConverter.php">
        <class name="NameConverter" namespace="WhiteCube\Lingua">
          <metrics complexity="13" methods="4" coveredmethods="4" conditionals="0" coveredconditionals="0" statements="20" coveredstatements="20" elements="24" coveredelements="24"/>
        </class>
        <line num="7" type="method" name="check" visibility="public" complexity="2" crap="2" count="14"/>
        <line num="9" type="stmt" count="14"/>
        <line num="10" type="stmt" count="3"/>
        <line num="13" type="method" name="validate" visibility="public" complexity="2" crap="2" count="12"/>
        <line num="15" type="stmt" count="12"/>
        <line num="16" type="stmt" count="1"/>
        <line num="18" type="stmt" count="11"/>
        <line num="21" type="method" name="parse" visibility="public" complexity="1" crap="1" count="11"/>
        <line num="23" type="stmt" count="11"/>
        <line num="24" type="stmt" count="11"/>
        <line num="25" type="stmt" count="11"/>
        <line num="26" type="stmt" count="11"/>
        <line num="27" type="stmt" count="11"/>
        <line num="28" type="stmt" count="11"/>
        <line num="30" type="method" name="format" visibility="public" complexity="8" crap="8" count="16"/>
        <line num="32" type="stmt" count="16"/>
        <line num="33" type="stmt" count="1"/>
        <line num="35" type="stmt" count="15"/>
        <line num="36" type="stmt" count="15"/>
        <line num="37" type="stmt" count="6"/>
        <line num="38" type="stmt" count="6"/>
        <line num="39" type="stmt" count="6"/>
        <line num="40" type="stmt" count="6"/>
        <line num="41" type="stmt" count="6"/>
        <metrics loc="43" ncloc="43" classes="1" methods="4" coveredmethods="4" conditionals="0" coveredconditionals="0" statements="20" coveredstatements="20" elements="24" coveredelements="24"/>
      </file>
      <file name="/Users/whitecube/Sites/lingua/src/Lingua/NativeConverter.php">
        <class name="NativeConverter" namespace="WhiteCube\Lingua">
          <metrics complexity="7" methods="4" coveredmethods="3" conditionals="0" coveredconditionals="0" statements="14" coveredstatements="13" elements="18" coveredelements="16"/>
        </class>
        <line num="7" type="method" name="check" visibility="public" complexity="2" crap="2" count="14"/>
        <line num="9" type="stmt" count="14"/>
        <line num="10" type="stmt" count="2"/>
        <line num="13" type="method" name="validate" visibility="public" complexity="2" crap="2" count="13"/>
        <line num="15" type="stmt" count="13"/>
        <line num="16" type="stmt" count="1"/>
        <line num="18" type="stmt" count="12"/>
        <line num="21" type="method" name="parse" visibility="public" complexity="1" crap="1" count="12"/>
        <line num="23" type="stmt" count="12"/>
        <line num="24" type="stmt" count="12"/>
        <line num="25" type="stmt" count="12"/>
        <line num="26" type="stmt" count="12"/>
        <line num="27" type="stmt" count="12"/>
        <line num="28" type="stmt" count="12"/>
        <line num="30" type="method" name="format" visibility="public" complexity="2" crap="2.15" count="9"/>
        <line num="32" type="stmt" count="9"/>
        <line num="33" type="stmt" count="0"/>
        <line num="35" type="stmt" count="9"/>
        <metrics loc="37" ncloc="37" classes="1" methods="4" coveredmethods="3" conditionals="0" coveredconditionals="0" statements="14" coveredstatements="13" elements="18" coveredelements="16"/>
      </file>
      <file name="/Users/whitecube/Sites/lingua/src/Lingua/PhpConverter.php">
        <class name="PhpConverter" namespace="WhiteCube\Lingua">
          <metrics complexity="5" methods="2" coveredmethods="2" conditionals="0" coveredconditionals="0" statements="10" coveredstatements="10" elements="12" coveredelements="12"/>
        </class>
        <line num="7" type="method" name="prepare" visibility="public" complexity="1" crap="1" count="24"/>
        <line num="9" type="stmt" count="24"/>
        <line num="10" type="stmt" count="24"/>
        <line num="12" type="stmt" count="24"/>
        <line num="13" type="stmt" count="24"/>
        <line num="14" type="stmt" count="24"/>
        <line num="15" type="stmt" count="24"/>
        <line num="19" type="method" name="format" visibility="public" complexity="4" crap="4" count="19"/>
        <line num="21" type="stmt" count="19"/>
        <line num="22" type="stmt" count="19"/>
        <line num="23" type="stmt" count="19"/>
        <line num="24" type="stmt" count="19"/>
        <metrics loc="26" ncloc="26" classes="1" methods="2" coveredmethods="2" conditionals="0" coveredconditionals="0" statements="10" coveredstatements="10" elements="12" coveredelements="12"/>
      </file>
      <file name="/Users/whitecube/Sites/lingua/src/Lingua/Service.php">
        <class name="Service" namespace="WhiteCube\Lingua">
          <metrics complexity="22" methods="11" coveredmethods="10" conditionals="0" coveredconditionals="0" statements="38" coveredstatements="37" elements="49" coveredelements="47"/>
        </class>
        <line num="24" type="method" name="__construct" visibility="public" complexity="1" crap="1" count="118"/>
        <line num="26" type="stmt" count="118"/>
        <line num="27" type="stmt" count="118"/>
        <line num="29" type="method" name="__toString" visibility="public" complexity="1" crap="1" count="2"/>
        <line num="31" type="stmt" count="2"/>
        <line num="34" type="method" name="__call" visibility="public" complexity="3" crap="3" count="117"/>
        <line num="36" type="stmt" count="117"/>
        <line num="37" type="stmt" count="98"/>
        <line num="38" type="stmt" count="2"/>
        <line num="41" type="method" name="__callStatic" visibility="public" complexity="2" crap="2" count="102"/>
        <line num="43" type="stmt" count="102"/>
        <line num="44" type="stmt" count="102"/>
        <line num="45" type="stmt" count="102"/>
        <line num="46" type="stmt" count="93"/>
        <line num="54" type="method" name="setFormat" complexity="1" crap="1" count="1"/>
        <line num="56" type="stmt" count="1"/>
        <line num="57" type="stmt" count="1"/>
        <line num="64" type="method" name="create" complexity="2" crap="2" count="16"/>
        <line num="66" type="stmt" count="16"/>
        <line num="67" type="stmt" count="16"/>
        <line num="68" type="stmt" count="1"/>
        <line num="76" type="method" name="sanitizeInstantiationMethod" visibility="protected" complexity="2" crap="2.15" count="102"/>
        <line num="78" type="stmt" count="102"/>
        <line num="79" type="stmt" count="0"/>
        <line num="81" type="stmt" count="102"/>
        <line num="90" type="method" name="transformConverterMethod" visibility="protected" complexity="3" crap="3" count="116"/>
        <line num="92" type="stmt" count="116"/>
        <line num="93" type="stmt" count="116"/>
        <line num="94" type="stmt" count="116"/>
        <line num="95" type="stmt" count="116"/>
        <line num="96" type="stmt" count="1"/>
        <line num="98" type="stmt" count="116"/>
        <line num="106" type="method" name="guess" visibility="protected" complexity="5" crap="5" count="16"/>
        <line num="108" type="stmt" count="16"/>
        <line num="109" type="stmt" count="16"/>
        <line num="110" type="stmt" count="16"/>
        <line num="111" type="stmt" count="15"/>
        <line num="112" type="stmt" count="15"/>
        <line num="113" type="stmt" count="15"/>
        <line num="115" type="stmt" count="16"/>
        <line num="116" type="stmt" count="15"/>
        <line num="117" type="stmt" count="15"/>
        <line num="126" type="method" name="makeConverter" visibility="protected" complexity="1" crap="1" count="101"/>
        <line num="128" type="stmt" count="101"/>
        <line num="129" type="stmt" count="101"/>
        <line num="130" type="stmt" count="93"/>
        <line num="139" type="method" name="convert" visibility="protected" complexity="1" crap="1" count="98"/>
        <line num="141" type="stmt" count="98"/>
        <line num="142" type="stmt" count="97"/>
        <metrics loc="145" ncloc="107" classes="1" methods="11" coveredmethods="10" conditionals="0" coveredconditionals="0" statements="38" coveredstatements="37" elements="49" coveredelements="47"/>
      </file>
      <file name="/Users/whitecube/Sites/lingua/src/Lingua/W3cConverter.php">
        <class name="W3cConverter" namespace="WhiteCube\Lingua">
          <metrics complexity="5" methods="2" coveredmethods="2" conditionals="0" coveredconditionals="0" statements="10" coveredstatements="10" elements="12" coveredelements="12"/>
        </class>
        <line num="7" type="method" name="prepare" visibility="public" complexity="1" crap="1" count="32"/>
        <line num="9" type="stmt" count="32"/>
        <line num="10" type="stmt" count="32"/>
        <line num="12" type="stmt" count="32"/>
        <line num="13" type="stmt" count="32"/>
        <line num="14" type="stmt" count="32"/>
        <line num="15" type="stmt" count="32"/>
        <line num="19" type="method" name="format" visibility="public" complexity="4" crap="4" count="19"/>
        <line num="21" type="stmt" count="19"/>
        <line num="22" type="stmt" count="19"/>
        <line num="23" type="stmt" count="19"/>
        <line num="24" type="stmt" count="19"/>
        <metrics loc="26" ncloc="26" classes="1" methods="2" coveredmethods="2" conditionals="0" coveredconditionals="0" statements="10" coveredstatements="10" elements="12" coveredelements="12"/>
      </file>
    </package>
    <file name="/Users/whitecube/Sites/lingua/src/Lingua/ConverterInterface.php">
      <metrics loc="16" ncloc="16" classes="0" methods="0" coveredmethods="0" conditionals="0" coveredconditionals="0" statements="0" coveredstatements="0" elements="0" coveredelements="0"/>
    </file>
    <metrics files="13" loc="593" ncloc="555" classes="12" methods="54" coveredmethods="50" conditionals="0" coveredconditionals="0" statements="203" coveredstatements="199" elements="257" coveredelements="249"/>
  </project>
</coverage>
